0 info it worked if it ends with ok
1 verbose cli [ 'C:\\Program Files\\nodejs\\node.exe',
1 verbose cli   'C:\\Program Files\\nodejs\\node_modules\\npm\\bin\\npm-cli.js',
1 verbose cli   'start' ]
2 info using npm@3.10.9
3 info using node@v7.2.0
4 verbose run-script [ 'prestart', 'start', 'poststart' ]
5 info lifecycle angularjs_learning@1.0.0~prestart: angularjs_learning@1.0.0
6 silly lifecycle angularjs_learning@1.0.0~prestart: no script for prestart, continuing
7 info lifecycle angularjs_learning@1.0.0~start: angularjs_learning@1.0.0
8 verbose lifecycle angularjs_learning@1.0.0~start: unsafe-perm in lifecycle true
9 verbose lifecycle angularjs_learning@1.0.0~start: PATH: C:\Program Files\nodejs\node_modules\npm\bin\node-gyp-bin;C:\Users\Grant\Desktop\Coding\GitHub\AngularJS (1.6) Learning\Shaping Up With AngularJS\node_modules\.bin;C:\Program Files (x86)\Razer Chroma SDK\bin;C:\Program Files\Razer Chroma SDK\bin;C:\tools\ruby23\bin;C:\Windows\system32;C:\Windows;C:\Windows\System32\Wbem;C:\Windows\System32\WindowsPowerShell\v1.0\;C:\Program Files (x86)\NVIDIA Corporation\PhysX\Common;C:\WINDOWS\system32;C:\WINDOWS;C:\WINDOWS\System32\Wbem;C:\WINDOWS\System32\WindowsPowerShell\v1.0\;C:\ProgramData\chocolatey\bin;C:\Program Files\Git\cmd;C:\Program Files\nodejs\;C:\Users\Grant\.dnx\bin;C:\Program Files\Microsoft DNX\Dnvm\;C:\Program Files\Microsoft SQL Server\130\Tools\Binn\;C:\Program Files (x86)\Microsoft SQL Server\100\Tools\Binn\VSShell\Common7\IDE\;C:\Program Files (x86)\Microsoft SQL Server\100\Tools\Binn\;C:\Program Files\Microsoft SQL Server\100\Tools\Binn\;C:\Program Files (x86)\Microsoft SQL Server\100\DTS\Binn\;C:\Program Files\TortoiseSVN\bin;C:\oracle\instantclient_12_1\;C:\Program Files (x86)\Skype\Phone\;C:\Users\Grant\AppData\Local\Microsoft\WindowsApps;C:\Users\Grant\AppData\Roaming\npm;C:\Program Files (x86)\Windows Kits\8.1\Windows Performance Toolkit\;C:\Program Files\Microsoft SQL Server\110\Tools\Binn\;C:\Program Files (x86)\Microsoft SDKs\TypeScript\1.0\;C:\Program Files\Microsoft SQL Server\120\Tools\Binn\;
10 verbose lifecycle angularjs_learning@1.0.0~start: CWD: C:\Users\Grant\Desktop\Coding\GitHub\AngularJS (1.6) Learning\Shaping Up With AngularJS
11 silly lifecycle angularjs_learning@1.0.0~start: Args: [ '/d /s /c', 'node ./bin/www' ]
12 silly lifecycle angularjs_learning@1.0.0~start: Returned: code: 1  signal: null
13 info lifecycle angularjs_learning@1.0.0~start: Failed to exec start script
14 verbose stack Error: angularjs_learning@1.0.0 start: `node ./bin/www`
14 verbose stack Exit status 1
14 verbose stack     at EventEmitter.<anonymous> (C:\Program Files\nodejs\node_modules\npm\lib\utils\lifecycle.js:255:16)
14 verbose stack     at emitTwo (events.js:106:13)
14 verbose stack     at EventEmitter.emit (events.js:191:7)
14 verbose stack     at ChildProcess.<anonymous> (C:\Program Files\nodejs\node_modules\npm\lib\utils\spawn.js:40:14)
14 verbose stack     at emitTwo (events.js:106:13)
14 verbose stack     at ChildProcess.emit (events.js:191:7)
14 verbose stack     at maybeClose (internal/child_process.js:885:16)
14 verbose stack     at Process.ChildProcess._handle.onexit (internal/child_process.js:226:5)
15 verbose pkgid angularjs_learning@1.0.0
16 verbose cwd C:\Users\Grant\Desktop\Coding\GitHub\AngularJS (1.6) Learning\Shaping Up With AngularJS
17 error Windows_NT 10.0.14393
18 error argv "C:\\Program Files\\nodejs\\node.exe" "C:\\Program Files\\nodejs\\node_modules\\npm\\bin\\npm-cli.js" "start"
19 error node v7.2.0
20 error npm  v3.10.9
21 error code ELIFECYCLE
22 error angularjs_learning@1.0.0 start: `node ./bin/www`
22 error Exit status 1
23 error Failed at the angularjs_learning@1.0.0 start script 'node ./bin/www'.
23 error Make sure you have the latest version of node.js and npm installed.
23 error If you do, this is most likely a problem with the angularjs_learning package,
23 error not with npm itself.
23 error Tell the author that this fails on your system:
23 error     node ./bin/www
23 error You can get information on how to open an issue for this project with:
23 error     npm bugs angularjs_learning
23 error Or if that isn't available, you can get their info via:
23 error     npm owner ls angularjs_learning
23 error There is likely additional logging output above.
24 verbose exit [ 1, true ]
